<?xml version="1.0" encoding="UTF-8"?>
<!-- Generated by org.testng.reporters.JUnitReportReporter -->
<testsuite hostname="DESKTOP-8IGGCSM" failures="0" tests="3" name="com.ATTADMSales.salesproject.Sales01" time="0.089" errors="0" timestamp="2020-02-17T10:47:32 IST" skipped="0">
  <testcase classname="com.ATTADMSales.salesproject.Sales01" name="testff" time="0.073"/>
  <system-out/>
  <testcase classname="com.ATTADMSales.salesproject.Sales01" name="testff01" time="0.000"/>
  <system-out/>
  <testcase classname="com.ATTADMSales.salesproject.Sales01" name="testff02" time="0.016"/>
  <system-out/>
</testsuite> <!-- com.ATTADMSales.salesproject.Sales01 -->
