<?xml version="1.0" encoding="UTF-8"?>
<!-- Generated by org.testng.reporters.JUnitReportReporter -->
<testsuite hostname="DESKTOP-8IGGCSM" failures="0" tests="3" name="com.ATTADMSales.salesproject.Sales2" time="0.004" errors="0" timestamp="2020-01-30T11:46:04 IST" skipped="0">
  <testcase classname="com.ATTADMSales.salesproject.Sales2" name="testff01" time="0.001"/>
  <system-out/>
  <testcase classname="com.ATTADMSales.salesproject.Sales2" name="testff02" time="0.001"/>
  <system-out/>
  <testcase classname="com.ATTADMSales.salesproject.Sales2" name="testff" time="0.002"/>
  <system-out/>
</testsuite> <!-- com.ATTADMSales.salesproject.Sales2 -->
